c:\users\charles\google drive\cégep\projet d'intégration sim\spaaaace\spaaaace\spaaaace\debug\vc120.pdb
c:\users\charles\google drive\cégep\projet d'intégration sim\spaaaace\spaaaace\spaaaace\debug\vc120.idb
c:\users\charles\google drive\cégep\projet d'intégration sim\spaaaace\spaaaace\spaaaace\debug\component.obj
c:\users\charles\google drive\cégep\projet d'intégration sim\spaaaace\spaaaace\spaaaace\debug\gameobject.obj
c:\users\charles\google drive\cégep\projet d'intégration sim\spaaaace\spaaaace\spaaaace\debug\graphicscomponent.obj
c:\users\charles\google drive\cégep\projet d'intégration sim\spaaaace\spaaaace\spaaaace\debug\graphicssystem.obj
c:\users\charles\google drive\cégep\projet d'intégration sim\spaaaace\spaaaace\spaaaace\debug\main.obj
c:\users\charles\google drive\cégep\projet d'intégration sim\spaaaace\spaaaace\spaaaace\debug\message.obj
c:\users\charles\google drive\cégep\projet d'intégration sim\spaaaace\spaaaace\spaaaace\debug\physicscomponent.obj
c:\users\charles\google drive\cégep\projet d'intégration sim\spaaaace\spaaaace\spaaaace\debug\physicssystem.obj
c:\users\charles\google drive\cégep\projet d'intégration sim\spaaaace\spaaaace\spaaaace\debug\positioncomponent.obj
c:\users\charles\google drive\cégep\projet d'intégration sim\spaaaace\spaaaace\spaaaace\debug\scene.obj
c:\users\charles\google drive\cégep\projet d'intégration sim\spaaaace\spaaaace\spaaaace\debug\source.obj
c:\users\charles\google drive\cégep\projet d'intégration sim\spaaaace\spaaaace\spaaaace\debug\sprite.obj
c:\users\charles\google drive\cégep\projet d'intégration sim\spaaaace\spaaaace\spaaaace\debug\spritesheet.obj
c:\users\charles\google drive\cégep\projet d'intégration sim\spaaaace\spaaaace\spaaaace\debug\vec2.obj
c:\users\charles\google drive\cégep\projet d'intégration sim\spaaaace\spaaaace\debug\spaaaace.ilk
c:\users\charles\google drive\cégep\projet d'intégration sim\spaaaace\spaaaace\debug\spaaaace.exe
c:\users\charles\google drive\cégep\projet d'intégration sim\spaaaace\spaaaace\debug\spaaaace.pdb
c:\users\charles\google drive\cégep\projet d'intégration sim\spaaaace\spaaaace\spaaaace\debug\body.obj
c:\users\charles\google drive\cégep\projet d'intégration sim\spaaaace\spaaaace\spaaaace\debug\main_physics.obj
c:\users\charles\google drive\cégep\projet d'intégration sim\spaaaace\spaaaace\spaaaace\debug\spaaaace.tlog\cl.command.1.tlog
c:\users\charles\google drive\cégep\projet d'intégration sim\spaaaace\spaaaace\spaaaace\debug\spaaaace.tlog\cl.read.1.tlog
c:\users\charles\google drive\cégep\projet d'intégration sim\spaaaace\spaaaace\spaaaace\debug\spaaaace.tlog\cl.write.1.tlog
c:\users\charles\google drive\cégep\projet d'intégration sim\spaaaace\spaaaace\spaaaace\debug\spaaaace.tlog\link.command.1.tlog
c:\users\charles\google drive\cégep\projet d'intégration sim\spaaaace\spaaaace\spaaaace\debug\spaaaace.tlog\link.read.1.tlog
c:\users\charles\google drive\cégep\projet d'intégration sim\spaaaace\spaaaace\spaaaace\debug\spaaaace.tlog\link.write.1.tlog
